#-----------------------------------------------------------
# Vivado v2019.1 (64-bit)
# SW Build 2552052 on Fri May 24 14:49:42 MDT 2019
# IP Build 2548770 on Fri May 24 18:01:18 MDT 2019
# Start of session at: Sun Mar  7 11:03:02 2021
# Process ID: 14112
# Current directory: F:/ONLINE UNIVERSITY/EECS_433_Lab/Lab01/Lab_1_Q2
# Command line: vivado.exe -gui_launcher_event rodinguilauncherevent6476 F:\ONLINE UNIVERSITY\EECS_433_Lab\Lab01\Lab_1_Q2\Lab_1_Q2.xpr
# Log file: F:/ONLINE UNIVERSITY/EECS_433_Lab/Lab01/Lab_1_Q2/vivado.log
# Journal file: F:/ONLINE UNIVERSITY/EECS_433_Lab/Lab01/Lab_1_Q2\vivado.jou
#-----------------------------------------------------------
start_gui
open_project {F:/ONLINE UNIVERSITY/EECS_433_Lab/Lab01/Lab_1_Q2/Lab_1_Q2.xpr}
Scanning sources...
Finished scanning sources
INFO: [IP_Flow 19-234] Refreshing IP repositories
INFO: [IP_Flow 19-1704] No user IP repositories specified
INFO: [IP_Flow 19-2313] Loaded Vivado IP repository 'F:/Vivado/Vivado/Vivado/2019.1/data/ip'.
open_project: Time (s): cpu = 00:00:16 ; elapsed = 00:00:17 . Memory (MB): peak = 724.301 ; gain = 82.941
update_compile_order -fileset sources_1
exit
INFO: [Common 17-206] Exiting Vivado at Sun Mar  7 11:04:11 2021...
